# JRE version: OpenJDK Runtime Environment (8.0_112-b05) (build 1.8.0_112-release-b05)
# Java VM: OpenJDK 64-Bit Server VM (25.112-b05 mixed mode bsd-amd64 compressed oops)
Heap:
 PSYoungGen      total 273408K, used 204716K [0x00000007aab00000, 0x00000007c0000000, 0x00000007c0000000)
  eden space 197632K, 65% used [0x00000007aab00000,0x00000007b28eca38,0x00000007b6c00000)
  from space 75776K, 99% used [0x00000007b6c00000,0x00000007bb5fe5f0,0x00000007bb600000)
  to   space 75776K, 0% used [0x00000007bb600000,0x00000007bb600000,0x00000007c0000000)
 ParOldGen       total 198144K, used 139944K [0x0000000780000000, 0x000000078c180000, 0x00000007aab00000)
  object space 198144K, 70% used [0x0000000780000000,0x00000007888aa268,0x000000078c180000)
 Metaspace       used 6143K, capacity 7088K, committed 7296K, reserved 1056768K
  class space    used 586K, capacity 616K, committed 640K, reserved 1048576K
GC Heap History (10 events):
Event: 7.482 GC heap before
{Heap before GC invocations=6 (full 0):
 PSYoungGen      total 71680K, used 71653K [0x00000007aab00000, 0x00000007b4b00000, 0x00000007c0000000)
  eden space 66560K, 100% used [0x00000007aab00000,0x00000007aec00000,0x00000007aec00000)
  from space 5120K, 99% used [0x00000007aec00000,0x00000007af0f96e8,0x00000007af100000)
  to   space 15360K, 0% used [0x00000007b3c00000,0x00000007b3c00000,0x00000007b4b00000)
 ParOldGen       total 87552K, used 25644K [0x0000000780000000, 0x0000000785580000, 0x00000007aab00000)
  object space 87552K, 29% used [0x0000000780000000,0x000000078190b368,0x0000000785580000)
 Metaspace       used 5964K, capacity 6960K, committed 7040K, reserved 1056768K
  class space    used 585K, capacity 616K, committed 640K, reserved 1048576K
Event: 7.529 GC heap after
Heap after GC invocations=6 (full 0):
 PSYoungGen      total 145920K, used 15332K [0x00000007aab00000, 0x00000007b5000000, 0x00000007c0000000)
  eden space 130560K, 0% used [0x00000007aab00000,0x00000007aab00000,0x00000007b2a80000)
  from space 15360K, 99% used [0x00000007b3c00000,0x00000007b4af9030,0x00000007b4b00000)
  to   space 17920K, 0% used [0x00000007b2a80000,0x00000007b2a80000,0x00000007b3c00000)
 ParOldGen       total 87552K, used 26473K [0x0000000780000000, 0x0000000785580000, 0x00000007aab00000)
  object space 87552K, 30% used [0x0000000780000000,0x00000007819da5b8,0x0000000785580000)
 Metaspace       used 5964K, capacity 6960K, committed 7040K, reserved 1056768K
  class space    used 585K, capacity 616K, committed 640K, reserved 1048576K
}
Event: 18.158 GC heap before
{Heap before GC invocations=7 (full 0):
 PSYoungGen      total 145920K, used 145892K [0x00000007aab00000, 0x00000007b5000000, 0x00000007c0000000)
  eden space 130560K, 100% used [0x00000007aab00000,0x00000007b2a80000,0x00000007b2a80000)
  from space 15360K, 99% used [0x00000007b3c00000,0x00000007b4af9030,0x00000007b4b00000)
  to   space 17920K, 0% used [0x00000007b2a80000,0x00000007b2a80000,0x00000007b3c00000)
 ParOldGen       total 87552K, used 26473K [0x0000000780000000, 0x0000000785580000, 0x00000007aab00000)
  object space 87552K, 30% used [0x0000000780000000,0x00000007819da5b8,0x0000000785580000)
 Metaspace       used 6066K, capacity 7088K, committed 7296K, reserved 1056768K
  class space    used 585K, capacity 616K, committed 640K, reserved 1048576K
Event: 18.287 GC heap after
Heap after GC invocations=7 (full 0):
 PSYoungGen      total 148480K, used 17894K [0x00000007aab00000, 0x00000007c0000000, 0x00000007c0000000)
  eden space 130560K, 0% used [0x00000007aab00000,0x00000007aab00000,0x00000007b2a80000)
  from space 17920K, 99% used [0x00000007b2a80000,0x00000007b3bf9b80,0x00000007b3c00000)
  to   space 55296K, 0% used [0x00000007bca00000,0x00000007bca00000,0x00000007c0000000)
 ParOldGen       total 96768K, used 96312K [0x0000000780000000, 0x0000000785e80000, 0x00000007aab00000)
  object space 96768K, 99% used [0x0000000780000000,0x0000000785e0e358,0x0000000785e80000)
 Metaspace       used 6066K, capacity 7088K, committed 7296K, reserved 1056768K
  class space    used 585K, capacity 616K, committed 640K, reserved 1048576K
}
Event: 18.287 GC heap before
{Heap before GC invocations=8 (full 1):
 PSYoungGen      total 148480K, used 17894K [0x00000007aab00000, 0x00000007c0000000, 0x00000007c0000000)
  eden space 130560K, 0% used [0x00000007aab00000,0x00000007aab00000,0x00000007b2a80000)
  from space 17920K, 99% used [0x00000007b2a80000,0x00000007b3bf9b80,0x00000007b3c00000)
  to   space 55296K, 0% used [0x00000007bca00000,0x00000007bca00000,0x00000007c0000000)
 ParOldGen       total 96768K, used 96312K [0x0000000780000000, 0x0000000785e80000, 0x00000007aab00000)
  object space 96768K, 99% used [0x0000000780000000,0x0000000785e0e358,0x0000000785e80000)
 Metaspace       used 6066K, capacity 7088K, committed 7296K, reserved 1056768K
  class space    used 585K, capacity 616K, committed 640K, reserved 1048576K
Event: 20.423 GC heap after
Heap after GC invocations=8 (full 1):
 PSYoungGen      total 148480K, used 11711K [0x00000007aab00000, 0x00000007c0000000, 0x00000007c0000000)
  eden space 130560K, 0% used [0x00000007aab00000,0x00000007aab00000,0x00000007b2a80000)
  from space 17920K, 65% used [0x00000007b2a80000,0x00000007b35efd38,0x00000007b3c00000)
  to   space 55296K, 0% used [0x00000007bca00000,0x00000007bca00000,0x00000007c0000000)
 ParOldGen       total 198144K, used 96525K [0x0000000780000000, 0x000000078c180000, 0x00000007aab00000)
  object space 198144K, 48% used [0x0000000780000000,0x0000000785e43548,0x000000078c180000)
 Metaspace       used 6066K, capacity 7088K, committed 7296K, reserved 1056768K
  class space    used 585K, capacity 616K, committed 640K, reserved 1048576K
}
Event: 20.606 GC heap before
{Heap before GC invocations=9 (full 1):
 PSYoungGen      total 148480K, used 142271K [0x00000007aab00000, 0x00000007c0000000, 0x00000007c0000000)
  eden space 130560K, 100% used [0x00000007aab00000,0x00000007b2a80000,0x00000007b2a80000)
  from space 17920K, 65% used [0x00000007b2a80000,0x00000007b35efd38,0x00000007b3c00000)
  to   space 55296K, 0% used [0x00000007bca00000,0x00000007bca00000,0x00000007c0000000)
 ParOldGen       total 198144K, used 96525K [0x0000000780000000, 0x000000078c180000, 0x00000007aab00000)
  object space 198144K, 48% used [0x0000000780000000,0x0000000785e43548,0x000000078c180000)
 Metaspace       used 6075K, capacity 7088K, committed 7296K, reserved 1056768K
  class space    used 585K, capacity 616K, committed 640K, reserved 1048576K
Event: 20.915 GC heap after
Heap after GC invocations=9 (full 1):
 PSYoungGen      total 230400K, used 55264K [0x00000007aab00000, 0x00000007c0000000, 0x00000007c0000000)
  eden space 175104K, 0% used [0x00000007aab00000,0x00000007aab00000,0x00000007b5600000)
  from space 55296K, 99% used [0x00000007bca00000,0x00000007bfff8058,0x00000007c0000000)
  to   space 75776K, 0% used [0x00000007b6c00000,0x00000007b6c00000,0x00000007bb600000)
 ParOldGen       total 198144K, used 118613K [0x0000000780000000, 0x000000078c180000, 0x00000007aab00000)
  object space 198144K, 59% used [0x0000000780000000,0x00000007873d5548,0x000000078c180000)
 Metaspace       used 6075K, capacity 7088K, committed 7296K, reserved 1056768K
  class space    used 585K, capacity 616K, committed 640K, reserved 1048576K
}
Event: 22.161 GC heap before
{Heap before GC invocations=10 (full 1):
 PSYoungGen      total 230400K, used 230368K [0x00000007aab00000, 0x00000007c0000000, 0x00000007c0000000)
  eden space 175104K, 100% used [0x00000007aab00000,0x00000007b5600000,0x00000007b5600000)
  from space 55296K, 99% used [0x00000007bca00000,0x00000007bfff8058,0x00000007c0000000)
  to   space 75776K, 0% used [0x00000007b6c00000,0x00000007b6c00000,0x00000007bb600000)
 ParOldGen       total 198144K, used 118613K [0x0000000780000000, 0x000000078c180000, 0x00000007aab00000)
  object space 198144K, 59% used [0x0000000780000000,0x00000007873d5548,0x000000078c180000)
 Metaspace       used 6086K, capacity 7088K, committed 7296K, reserved 1056768K
  class space    used 586K, capacity 616K, committed 640K, reserved 1048576K
Event: 22.279 GC heap after
Heap after GC invocations=10 (full 1):
 PSYoungGen      total 273408K, used 75769K [0x00000007aab00000, 0x00000007c0000000, 0x00000007c0000000)
  eden space 197632K, 0% used [0x00000007aab00000,0x00000007aab00000,0x00000007b6c00000)
  from space 75776K, 99% used [0x00000007b6c00000,0x00000007bb5fe5f0,0x00000007bb600000)
  to   space 75776K, 0% used [0x00000007bb600000,0x00000007bb600000,0x00000007c0000000)
 ParOldGen       total 198144K, used 139944K [0x0000000780000000, 0x000000078c180000, 0x00000007aab00000)
  object space 198144K, 70% used [0x0000000780000000,0x00000007888aa268,0x000000078c180000)
 Metaspace       used 6086K, capacity 7088K, committed 7296K, reserved 1056768K
  class space    used 586K, capacity 616K, committed 640K, reserved 1048576K
}

